<?xml version="1.0" encoding="UTF-8"?>
<testsuite name="com.vf.uk.dal.checkout.controller.test.CheckoutControllerTest" time="4.826" tests="40" errors="0" skipped="0" failures="0">
  <properties>
[...]
</properties>
  <testcase name="testUpdatePersonalDetailsInfoForLC" classname="com.vf.uk.dal.checkout.controller.test.CheckoutControllerTest" time="1.009"/>
  <testcase name="testSubmitOrderForPreFulfilmentNullChkOutId" classname="com.vf.uk.dal.checkout.controller.test.CheckoutControllerTest" time="0.153"/>
  <testcase name="testRecurringPaymentNullInput" classname="com.vf.uk.dal.checkout.controller.test.CheckoutControllerTest" time="0.163"/>
  <testcase name="testRecurringPaymentInvalidInput" classname="com.vf.uk.dal.checkout.controller.test.CheckoutControllerTest" time="0.133"/>
  <testcase name="testGetWebPaymentWithError" classname="com.vf.uk.dal.checkout.controller.test.CheckoutControllerTest" time="0.215"/>
  <testcase name="testRecurringPayment" classname="com.vf.uk.dal.checkout.controller.test.CheckoutControllerTest" time="0.127"/>
  <testcase name="testUpdatePersonalDetailsWithValidatedInfoForUpgJoutnry" classname="com.vf.uk.dal.checkout.controller.test.CheckoutControllerTest" time="0.063"/>
  <testcase name="testCancelStockReservation" classname="com.vf.uk.dal.checkout.controller.test.CheckoutControllerTest" time="0.067"/>
  <testcase name="testDeliveryOptionsInfo" classname="com.vf.uk.dal.checkout.controller.test.CheckoutControllerTest" time="0.097"/>
  <testcase name="testgetOrderStatesBadRequest" classname="com.vf.uk.dal.checkout.controller.test.CheckoutControllerTest" time="0.078"/>
  <testcase name="testcreateCheckoutInfoNullBasketId" classname="com.vf.uk.dal.checkout.controller.test.CheckoutControllerTest" time="0.069"/>
  <testcase name="testReadCheckoutInfo" classname="com.vf.uk.dal.checkout.controller.test.CheckoutControllerTest" time="0.075"/>
  <testcase name="testpostIdentityQuestionnaireWithEmptyCheckoutId" classname="com.vf.uk.dal.checkout.controller.test.CheckoutControllerTest" time="0.083"/>
  <testcase name="testUpdatePersonalDetailsInfoPostcode" classname="com.vf.uk.dal.checkout.controller.test.CheckoutControllerTest" time="0.096"/>
  <testcase name="testCallCreditServiceWithCheckoutId" classname="com.vf.uk.dal.checkout.controller.test.CheckoutControllerTest" time="0.285"/>
  <testcase name="testpostIdentityQuestionnaire" classname="com.vf.uk.dal.checkout.controller.test.CheckoutControllerTest" time="0.203"/>
  <testcase name="testcreateCheckoutInfoWithAcquisionJourney" classname="com.vf.uk.dal.checkout.controller.test.CheckoutControllerTest" time="0.12"/>
  <testcase name="testcreateCheckoutInfoWithInvalidUpgradeJourney" classname="com.vf.uk.dal.checkout.controller.test.CheckoutControllerTest" time="0.127"/>
  <testcase name="testcreateCheckoutInfo" classname="com.vf.uk.dal.checkout.controller.test.CheckoutControllerTest" time="0.093"/>
  <testcase name="testUpdatePersonalDetailsInfoAddress" classname="com.vf.uk.dal.checkout.controller.test.CheckoutControllerTest" time="0.086"/>
  <testcase name="testPayOnAccount" classname="com.vf.uk.dal.checkout.controller.test.CheckoutControllerTest" time="0.067"/>
  <testcase name="testCallCreditServiceWithEmptyCheckoutId" classname="com.vf.uk.dal.checkout.controller.test.CheckoutControllerTest" time="0.05"/>
  <testcase name="testcreateCheckoutInfoWithUpgradeJourney" classname="com.vf.uk.dal.checkout.controller.test.CheckoutControllerTest" time="0.068"/>
  <testcase name="testBeginWebPayment" classname="com.vf.uk.dal.checkout.controller.test.CheckoutControllerTest" time="0.102"/>
  <testcase name="testDeliveryOptionsInfoError" classname="com.vf.uk.dal.checkout.controller.test.CheckoutControllerTest" time="0.11"/>
  <testcase name="testBeginWebPaymentWithError" classname="com.vf.uk.dal.checkout.controller.test.CheckoutControllerTest" time="0.073"/>
  <testcase name="testSubmitOrderForPreFulfilment" classname="com.vf.uk.dal.checkout.controller.test.CheckoutControllerTest" time="0.068"/>
  <testcase name="testUpdatePersonalDetailsWithValidatedInfoForAcqJoutnry" classname="com.vf.uk.dal.checkout.controller.test.CheckoutControllerTest" time="0.066"/>
  <testcase name="testUpdatePersonalDetailsInfo" classname="com.vf.uk.dal.checkout.controller.test.CheckoutControllerTest" time="0.054"/>
  <testcase name="testgetOrderStates" classname="com.vf.uk.dal.checkout.controller.test.CheckoutControllerTest" time="0.043"/>
  <testcase name="testUpdatePersonalDetailsInfoForUpgJoutnry" classname="com.vf.uk.dal.checkout.controller.test.CheckoutControllerTest" time="0.055"/>
  <testcase name="testReadCheckoutInfoNullChkOutId" classname="com.vf.uk.dal.checkout.controller.test.CheckoutControllerTest" time="0.047"/>
  <testcase name="testRecurringPaymentEmptyInput" classname="com.vf.uk.dal.checkout.controller.test.CheckoutControllerTest" time="0.046"/>
  <testcase name="testgetIdentityQuestionnaire" classname="com.vf.uk.dal.checkout.controller.test.CheckoutControllerTest" time="0.053"/>
  <testcase name="testSubmitOrderForPreFulfilmentWithInvChkOutId" classname="com.vf.uk.dal.checkout.controller.test.CheckoutControllerTest" time="0.046"/>
  <testcase name="testUpdatePersonalDetailsInfoBusiness" classname="com.vf.uk.dal.checkout.controller.test.CheckoutControllerTest" time="0.056"/>
  <testcase name="testGetWebPayment" classname="com.vf.uk.dal.checkout.controller.test.CheckoutControllerTest" time="0.062"/>
  <testcase name="testcreateCheckoutInfoNullBasket" classname="com.vf.uk.dal.checkout.controller.test.CheckoutControllerTest" time="0.066"/>
  <testcase name="testCallCreditServiceWithInvalidCheckoutId" classname="com.vf.uk.dal.checkout.controller.test.CheckoutControllerTest" time="0.267"/>
  <testcase name="testBeginWebPaymentWithNullResponse" classname="com.vf.uk.dal.checkout.controller.test.CheckoutControllerTest" time="0.085"/>
</testsuite>